{
  "uid" : "339b8805aababf33",
  "name" : "test_jenkins[args1]",
  "fullName" : "testcase.ui.test_uilogin.TestAppLogin#test_jenkins",
  "historyId" : "fce3672da8bf450b787cd5ce42bfb1fe",
  "time" : {
    "start" : 1651329623615,
    "stop" : 1651329653928,
    "duration" : 30313
  },
  "status" : "failed",
  "statusMessage" : "AssertionError: assert False",
  "statusTrace" : "self = <testcase.ui.test_uilogin.TestAppLogin object at 0x00000000042313A0>\nui_fixture = (<selenium.webdriver.chrome.webdriver.WebDriver (session=\"e2b42cae2c8840862482a5f235fba268\")>, 'http://localhost:8080/')\nargs = {'password': 'bbb', 'username': 'aaa'}\n\n    @pytest.mark.smoke\n    @pytest.mark.parametrize('args', YamlUtil('./data/test_uilogin.yaml').read_yaml())\n    @allure.severity('blocker')\n    def test_jenkins(self, ui_fixture, args):\n        driver, ui_base_url = ui_fixture\n        driver.get(ui_base_url)\n        try:\n            driver.find_element_by_id('j_username').send_keys(args['username'])\n            driver.find_element_by_name('j_password').send_keys(args['password'])\n            driver.find_element_by_name('Submit').click()\n            driver.find_element_by_id('search-box')\n            flag = True\n        except Exception as err:\n            flag = False\n            print('this is error:', err)\n>       assert flag\nE       assert False\n\ntestcase\\ui\\test_uilogin.py:25: AssertionError",
  "flaky" : false,
  "newFailed" : false,
  "newBroken" : false,
  "newPassed" : false,
  "retriesCount" : 0,
  "retriesStatusChange" : false,
  "beforeStages" : [ {
    "name" : "ui_fixture",
    "time" : {
      "start" : 1651329620200,
      "stop" : 1651329623614,
      "duration" : 3414
    },
    "status" : "passed",
    "steps" : [ ],
    "attachments" : [ ],
    "parameters" : [ ],
    "stepsCount" : 0,
    "hasContent" : false,
    "attachmentsCount" : 0,
    "shouldDisplayMessage" : false
  } ],
  "testStage" : {
    "status" : "failed",
    "statusMessage" : "AssertionError: assert False",
    "statusTrace" : "self = <testcase.ui.test_uilogin.TestAppLogin object at 0x00000000042313A0>\nui_fixture = (<selenium.webdriver.chrome.webdriver.WebDriver (session=\"e2b42cae2c8840862482a5f235fba268\")>, 'http://localhost:8080/')\nargs = {'password': 'bbb', 'username': 'aaa'}\n\n    @pytest.mark.smoke\n    @pytest.mark.parametrize('args', YamlUtil('./data/test_uilogin.yaml').read_yaml())\n    @allure.severity('blocker')\n    def test_jenkins(self, ui_fixture, args):\n        driver, ui_base_url = ui_fixture\n        driver.get(ui_base_url)\n        try:\n            driver.find_element_by_id('j_username').send_keys(args['username'])\n            driver.find_element_by_name('j_password').send_keys(args['password'])\n            driver.find_element_by_name('Submit').click()\n            driver.find_element_by_id('search-box')\n            flag = True\n        except Exception as err:\n            flag = False\n            print('this is error:', err)\n>       assert flag\nE       assert False\n\ntestcase\\ui\\test_uilogin.py:25: AssertionError",
    "steps" : [ ],
    "attachments" : [ {
      "uid" : "3d24f1de064f829f",
      "name" : "failure screenshot",
      "source" : "3d24f1de064f829f.png",
      "type" : "image/png",
      "size" : 30315
    }, {
      "uid" : "2a112c493fc3ca1c",
      "name" : "log",
      "source" : "2a112c493fc3ca1c.txt",
      "type" : "text/plain",
      "size" : 5475
    } ],
    "parameters" : [ ],
    "stepsCount" : 0,
    "hasContent" : true,
    "attachmentsCount" : 2,
    "shouldDisplayMessage" : true
  },
  "afterStages" : [ {
    "name" : "ui_fixture::0",
    "time" : {
      "start" : 1651329654589,
      "stop" : 1651329661937,
      "duration" : 7348
    },
    "status" : "passed",
    "steps" : [ ],
    "attachments" : [ ],
    "parameters" : [ ],
    "stepsCount" : 0,
    "hasContent" : false,
    "attachmentsCount" : 0,
    "shouldDisplayMessage" : false
  } ],
  "labels" : [ {
    "name" : "severity",
    "value" : "blocker"
  }, {
    "name" : "tag",
    "value" : "smoke"
  }, {
    "name" : "parentSuite",
    "value" : "testcase.ui"
  }, {
    "name" : "suite",
    "value" : "test_uilogin"
  }, {
    "name" : "subSuite",
    "value" : "TestAppLogin"
  }, {
    "name" : "host",
    "value" : "pc-jacky-PC"
  }, {
    "name" : "thread",
    "value" : "6916-MainThread"
  }, {
    "name" : "framework",
    "value" : "pytest"
  }, {
    "name" : "language",
    "value" : "cpython3"
  }, {
    "name" : "package",
    "value" : "testcase.ui.test_uilogin"
  }, {
    "name" : "resultFormat",
    "value" : "allure2"
  } ],
  "parameters" : [ {
    "name" : "args",
    "value" : "{'username': 'aaa', 'password': 'bbb'}"
  } ],
  "links" : [ ],
  "hidden" : true,
  "retry" : true,
  "extra" : {
    "categories" : [ ],
    "tags" : [ "smoke" ]
  },
  "source" : "339b8805aababf33.json",
  "parameterValues" : [ "{'username': 'aaa', 'password': 'bbb'}" ]
}