{
  "uid" : "a2a15dff949a336c",
  "name" : "test_jenkins[args1]",
  "fullName" : "testcase.ui.test_uilogin.TestAppLogin#test_jenkins",
  "historyId" : "fce3672da8bf450b787cd5ce42bfb1fe",
  "time" : {
    "start" : 1651578718075,
    "stop" : 1651578748429,
    "duration" : 30354
  },
  "status" : "failed",
  "statusMessage" : "AssertionError: assert False",
  "statusTrace" : "self = <testcase.ui.test_uilogin.TestAppLogin object at 0x0000000004CE27C0>\nui_fixture = (<selenium.webdriver.chrome.webdriver.WebDriver (session=\"c8a81f5ae52c538e5b79a5f9b591c446\")>, 'http://localhost:8080/')\nargs = {'password': 'bbb', 'username': 'aaa'}\n\n    @pytest.mark.smoke\n    # @pytest.mark.parametrize('args', YamlUtil('./data/test_uilogin.yaml').read_yaml())\n    @pytest.mark.parametrize('args', ExcelUtil('./data/test_case.xls','Sheet1').read_exceltolist())\n    @allure.severity('blocker')\n    def test_jenkins(self, ui_fixture, args):\n        driver, ui_base_url = ui_fixture\n        driver.get(ui_base_url)\n        try:\n            driver.find_element_by_id('j_username').send_keys(args['username'])\n            driver.find_element_by_name('j_password').send_keys(args['password'])\n            driver.find_element_by_name('Submit').click()\n            driver.find_element_by_id('search-box')\n            flag = True\n        except Exception as err:\n            flag = False\n            print('this is error:', err)\n>       assert flag\nE       assert False\n\ntestcase\\ui\\test_uilogin.py:27: AssertionError",
  "flaky" : false,
  "newFailed" : false,
  "newBroken" : false,
  "newPassed" : false,
  "retriesCount" : 3,
  "retriesStatusChange" : false,
  "beforeStages" : [ {
    "name" : "ui_fixture",
    "time" : {
      "start" : 1651578714343,
      "stop" : 1651578718075,
      "duration" : 3732
    },
    "status" : "passed",
    "steps" : [ ],
    "attachments" : [ ],
    "parameters" : [ ],
    "stepsCount" : 0,
    "hasContent" : false,
    "attachmentsCount" : 0,
    "shouldDisplayMessage" : false
  } ],
  "testStage" : {
    "status" : "failed",
    "statusMessage" : "AssertionError: assert False",
    "statusTrace" : "self = <testcase.ui.test_uilogin.TestAppLogin object at 0x0000000004CE27C0>\nui_fixture = (<selenium.webdriver.chrome.webdriver.WebDriver (session=\"c8a81f5ae52c538e5b79a5f9b591c446\")>, 'http://localhost:8080/')\nargs = {'password': 'bbb', 'username': 'aaa'}\n\n    @pytest.mark.smoke\n    # @pytest.mark.parametrize('args', YamlUtil('./data/test_uilogin.yaml').read_yaml())\n    @pytest.mark.parametrize('args', ExcelUtil('./data/test_case.xls','Sheet1').read_exceltolist())\n    @allure.severity('blocker')\n    def test_jenkins(self, ui_fixture, args):\n        driver, ui_base_url = ui_fixture\n        driver.get(ui_base_url)\n        try:\n            driver.find_element_by_id('j_username').send_keys(args['username'])\n            driver.find_element_by_name('j_password').send_keys(args['password'])\n            driver.find_element_by_name('Submit').click()\n            driver.find_element_by_id('search-box')\n            flag = True\n        except Exception as err:\n            flag = False\n            print('this is error:', err)\n>       assert flag\nE       assert False\n\ntestcase\\ui\\test_uilogin.py:27: AssertionError",
    "steps" : [ ],
    "attachments" : [ {
      "uid" : "4d1c2ba0986e3fd2",
      "name" : "失败截图",
      "source" : "4d1c2ba0986e3fd2.png",
      "type" : "image/png",
      "size" : 30132
    }, {
      "uid" : "916cfde858139d8a",
      "name" : "log",
      "source" : "916cfde858139d8a.txt",
      "type" : "text/plain",
      "size" : 5475
    } ],
    "parameters" : [ ],
    "stepsCount" : 0,
    "hasContent" : true,
    "attachmentsCount" : 2,
    "shouldDisplayMessage" : true
  },
  "afterStages" : [ {
    "name" : "ui_fixture::0",
    "time" : {
      "start" : 1651578749149,
      "stop" : 1651578756738,
      "duration" : 7589
    },
    "status" : "passed",
    "steps" : [ ],
    "attachments" : [ ],
    "parameters" : [ ],
    "stepsCount" : 0,
    "hasContent" : false,
    "attachmentsCount" : 0,
    "shouldDisplayMessage" : false
  } ],
  "labels" : [ {
    "name" : "severity",
    "value" : "blocker"
  }, {
    "name" : "tag",
    "value" : "smoke"
  }, {
    "name" : "parentSuite",
    "value" : "testcase.ui"
  }, {
    "name" : "suite",
    "value" : "test_uilogin"
  }, {
    "name" : "subSuite",
    "value" : "TestAppLogin"
  }, {
    "name" : "host",
    "value" : "pc-jacky-PC"
  }, {
    "name" : "thread",
    "value" : "7140-MainThread"
  }, {
    "name" : "framework",
    "value" : "pytest"
  }, {
    "name" : "language",
    "value" : "cpython3"
  }, {
    "name" : "package",
    "value" : "testcase.ui.test_uilogin"
  }, {
    "name" : "resultFormat",
    "value" : "allure2"
  } ],
  "parameters" : [ {
    "name" : "args",
    "value" : "{'username': 'aaa', 'password': 'bbb'}"
  } ],
  "links" : [ ],
  "hidden" : false,
  "retry" : false,
  "extra" : {
    "severity" : "blocker",
    "retries" : [ {
      "uid" : "9487ebabd4c47e11",
      "status" : "failed",
      "statusDetails" : "AssertionError: assert False",
      "time" : {
        "start" : 1651505297113,
        "stop" : 1651505327509,
        "duration" : 30396
      }
    }, {
      "uid" : "ad0e253a80a3b29e",
      "status" : "failed",
      "statusDetails" : "AssertionError: assert False",
      "time" : {
        "start" : 1651329791274,
        "stop" : 1651329821568,
        "duration" : 30294
      }
    }, {
      "uid" : "339b8805aababf33",
      "status" : "failed",
      "statusDetails" : "AssertionError: assert False",
      "time" : {
        "start" : 1651329623615,
        "stop" : 1651329653928,
        "duration" : 30313
      }
    } ],
    "categories" : [ {
      "name" : "Product defects",
      "matchedStatuses" : [ ],
      "flaky" : false
    } ],
    "tags" : [ "smoke" ]
  },
  "source" : "a2a15dff949a336c.json",
  "parameterValues" : [ "{'username': 'aaa', 'password': 'bbb'}" ]
}